Started at Wed Sep 09 06:36:25 UTC 2020
Processing backup-db-to-aws
Offering backup-db-to-aws to Project Build Discarder
Processing maven-job
Offering maven-job to Project Build Discarder
Processing remote-task
Offering remote-task to Project Build Discarder
Processing Test
Offering Test to Project Build Discarder
Processing test-param
Offering test-param to Project Build Discarder
Finished at Wed Sep 09 06:36:25 UTC 2020. 2ms
Started at Wed Sep 09 07:36:25 UTC 2020
Processing backup-db-to-aws
Offering backup-db-to-aws to Project Build Discarder
Processing maven-job
Offering maven-job to Project Build Discarder
Processing remote-task
Offering remote-task to Project Build Discarder
Processing Test
Offering Test to Project Build Discarder
Processing test-param
Offering test-param to Project Build Discarder
Finished at Wed Sep 09 07:36:25 UTC 2020. 64ms
